<?xml version="1.0" encoding="UTF-8"?>
<testng-results ignored="0" total="2" passed="2" failed="0" skipped="0">
  <reporter-output>
  </reporter-output>
  <suite started-at="2020-02-27T12:59:02Z" name="Default suite" finished-at="2020-02-27T12:59:02Z" duration-ms="207">
    <groups>
    </groups>
    <test started-at="2020-02-27T12:59:02Z" name="Default test" finished-at="2020-02-27T12:59:02Z" duration-ms="207">
      <class name="ihubbusiness.testcases.tc_2">
        <test-method signature="f(java.lang.String, java.lang.String)[pri:0, instance:ihubbusiness.testcases.tc_2@7d8995e]" started-at="2020-02-27T12:59:02Z" name="f" data-provider="vikas" finished-at="2020-02-27T12:59:02Z" duration-ms="11" status="PASS">
          <params>
            <param index="0">
              <value>
                <![CDATA[username]]>
              </value>
            </param>
            <param index="1">
              <value>
                <![CDATA[password]]>
              </value>
            </param>
          </params>
          <reporter-output>
          </reporter-output>
        </test-method> <!-- f -->
        <test-method signature="f(java.lang.String, java.lang.String)[pri:0, instance:ihubbusiness.testcases.tc_2@7d8995e]" started-at="2020-02-27T12:59:02Z" name="f" data-provider="vikas" finished-at="2020-02-27T12:59:02Z" duration-ms="3" status="PASS">
          <params>
            <param index="0">
              <value is-null="true"/>
            </param>
            <param index="1">
              <value is-null="true"/>
            </param>
          </params>
          <reporter-output>
          </reporter-output>
        </test-method> <!-- f -->
      </class> <!-- ihubbusiness.testcases.tc_2 -->
    </test> <!-- Default test -->
  </suite> <!-- Default suite -->
</testng-results>
